2021-01-27 14:10:58.592368 Key Press - Key.left
2021-01-27 14:11:00.225036 Key Press - u
2021-01-27 14:11:00.716981 Key Press - m
2021-01-27 14:11:01.361844 Key Press - Key.down
2021-01-27 14:11:01.692193 Key Press - Key.down
2021-01-27 14:11:04.699699 Key Press - u
2021-01-27 14:11:05.126819 Key Press - m
2021-01-27 14:11:07.112860 Key Press - Key.enter
2021-01-27 14:11:11.951312 Key Press - Key.shift
2021-01-27 14:11:12.287351 Key Press - :
2021-01-27 14:12:35.153376 Key Press - Key.backspace
2021-01-27 14:12:35.306694 Key Press - Key.backspace
2021-01-27 14:12:35.463904 Key Press - Key.backspace
2021-01-27 14:12:35.674908 Key Press - Key.backspace
2021-01-27 14:12:35.837946 Key Press - Key.backspace
2021-01-27 14:12:36.473411 Key Press - a
2021-01-27 14:12:36.784143 Key Press - c
2021-01-27 14:12:36.910233 Key Press - c
2021-01-27 14:12:37.202568 Key Press - Key.shift
2021-01-27 14:12:37.416905 Key Press - (
2021-01-27 14:12:39.311769 Key Press - Key.right
2021-05-26 16:28:21.801419 Key Press - b
2021-05-26 16:28:22.083297 Key Press - a
2021-05-26 16:28:22.418649 Key Press - k
2021-05-26 16:28:22.538526 Key Press - k
2021-05-26 16:28:22.755007 Key Press - a
2021-05-26 16:28:24.196911 Key Press - k
2021-05-26 16:28:24.308935 Key Press - k
2021-05-26 16:28:24.575294 Key Press - a
2021-05-26 16:28:25.145437 Clipboard - 
2021-05-26 16:28:25.443701 Key Press - <191>